<?xml version="1.0" encoding="UTF-8"?>
<!-- Generated by org.testng.reporters.JUnitReportReporter -->
<testsuite hostname="Samis-MacBook-Pro.local" name="UnitTests.TestUpdateUser" tests="1" failures="0" timestamp="4 May 2019 21:55:16 GMT" time="1.661" errors="0">
  <testcase name="testUpdateUser" time="1.661" classname="UnitTests.TestUpdateUser"/>
</testsuite> <!-- UnitTests.TestUpdateUser -->
