<?xml version="1.0" encoding="UTF-8"?>
<!-- Generated by org.testng.reporters.JUnitReportReporter -->
<testsuite hostname="Samis-MacBook-Pro.local" name="UnitTests.testExtentReportertestNG" tests="1" failures="0" timestamp="10 May 2019 20:20:27 GMT" time="0.403" errors="0">
  <testcase name="testExtent" time="0.403" classname="UnitTests.testExtentReportertestNG"/>
</testsuite> <!-- UnitTests.testExtentReportertestNG -->
