<?xml version="1.0" encoding="UTF-8"?>
<!-- Generated by org.testng.reporters.JUnitReportReporter -->
<testsuite hostname="Samis-MacBook-Pro.local" name="UnitTests.TestRegisterUser" tests="1" failures="0" timestamp="4 May 2019 03:16:23 GMT" time="1.691" errors="0">
  <testcase name="testRegisterService" time="1.691" classname="UnitTests.TestRegisterUser"/>
</testsuite> <!-- UnitTests.TestRegisterUser -->
