<?xml version="1.0" encoding="UTF-8"?>
<!-- Generated by org.testng.reporters.JUnitReportReporter -->
<testsuite hostname="Samis-MacBook-Pro.local" name="Runners.RegresRunner" tests="1" failures="0" timestamp="5 Jul 2019 17:11:17 GMT" time="2.002" errors="0">
  <testcase name="feature" time="2.002" classname="Runners.RegresRunner"/>
</testsuite> <!-- Runners.RegresRunner -->
