<?xml version="1.0" encoding="UTF-8"?>
<!-- Generated by org.testng.reporters.JUnitReportReporter -->
<testsuite hostname="Samis-MacBook-Pro.local" name="UnitTests.TestCreateUser" tests="1" failures="0" timestamp="4 May 2019 21:57:53 GMT" time="1.909" errors="0">
  <testcase name="testCreateUser" time="1.909" classname="UnitTests.TestCreateUser"/>
</testsuite> <!-- UnitTests.TestCreateUser -->
