<?xml version="1.0" encoding="UTF-8"?>
<!-- Generated by org.testng.reporters.JUnitReportReporter -->
<testsuite hostname="Samis-MacBook-Pro.local" name="UnitTests.TestLoginService" tests="1" failures="0" timestamp="4 May 2019 03:12:29 GMT" time="2.060" errors="0">
  <testcase name="testLogin" time="2.060" classname="UnitTests.TestLoginService"/>
</testsuite> <!-- UnitTests.TestLoginService -->
