<?xml version="1.0" encoding="UTF-8"?>
<!-- Generated by org.testng.reporters.JUnitReportReporter -->
<testsuite hostname="Samis-MacBook-Pro.local" name="Runners.RegresRunner" tests="1" failures="0" timestamp="21 May 2019 04:38:12 GMT" time="2.014" errors="0">
  <testcase name="feature" time="2.014" classname="Runners.RegresRunner"/>
</testsuite> <!-- Runners.RegresRunner -->
