<?xml version="1.0" encoding="UTF-8"?>
<!-- Generated by org.testng.reporters.JUnitReportReporter -->
<testsuite hostname="Samis-MacBook-Pro.local" name="UnitTests.TestGetListOfUsers" tests="1" failures="0" timestamp="4 May 2019 03:12:58 GMT" time="1.558" errors="0">
  <testcase name="testgetListOfUsers" time="1.558" classname="UnitTests.TestGetListOfUsers"/>
</testsuite> <!-- UnitTests.TestGetListOfUsers -->
