<?xml version="1.0" encoding="UTF-8"?>
<!-- Generated by org.testng.reporters.JUnitReportReporter -->
<testsuite hostname="Samis-MacBook-Pro.local" name="Runners.RegresRunner" tests="1" failures="0" timestamp="10 May 2019 21:26:15 GMT" time="3.851" errors="0">
  <testcase name="feature" time="3.851" classname="Runners.RegresRunner"/>
</testsuite> <!-- Runners.RegresRunner -->
