<?xml version="1.0" encoding="UTF-8"?>
<!-- Generated by org.testng.reporters.JUnitReportReporter -->
<testsuite hostname="Samis-MacBook-Pro.local" name="Runners.RegresRunner" tests="1" failures="0" timestamp="10 May 2019 22:14:23 GMT" time="5.942" errors="0">
  <testcase name="feature" time="5.942" classname="Runners.RegresRunner"/>
</testsuite> <!-- Runners.RegresRunner -->
